-------------------------------------------------------------------------------
Test set: com.eam.model.ModelApplicationTests
-------------------------------------------------------------------------------
Tests run: 1, Failures: 0, Errors: 1, Skipped: 0, Time elapsed: 1.58 s <<< FAILURE! - in com.eam.model.ModelApplicationTests
contextLoads  Time elapsed: 0.002 s  <<< ERROR!
java.lang.IllegalStateException: Failed to load ApplicationContext
Caused by: org.springframework.beans.factory.UnsatisfiedDependencyException: Error creating bean with name 'rolePermissionController' defined in file [/Users/ouranos/Documents/Code Bench/fancard-server/target/classes/com/FANCardPlus/controller/RolePermissionController.class]: Unsatisfied dependency expressed through constructor parameter 2; nested exception is org.springframework.beans.factory.BeanCreationException: Error creating bean with name 'rolePermissionRepository' defined in com.eam.repository.RolePermissionRepository defined in @EnableJpaRepositories declared on JpaRepositoriesRegistrar.EnableJpaRepositoriesConfiguration: Invocation of init method failed; nested exception is org.springframework.data.repository.query.QueryCreationException: Could not create query for public abstract com.eam.model.RolePermission com.eam.repository.RolePermissionRepository.findByPermissionId(java.lang.Long)! Reason: Failed to create query for method public abstract com.eam.model.RolePermission com.eam.repository.RolePermissionRepository.findByPermissionId(java.lang.Long)! No property 'id' found for type 'Permission'! Traversed path: RolePermission.permission.; nested exception is java.lang.IllegalArgumentException: Failed to create query for method public abstract com.eam.model.RolePermission com.eam.repository.RolePermissionRepository.findByPermissionId(java.lang.Long)! No property 'id' found for type 'Permission'! Traversed path: RolePermission.permission.
Caused by: org.springframework.beans.factory.BeanCreationException: Error creating bean with name 'rolePermissionRepository' defined in com.eam.repository.RolePermissionRepository defined in @EnableJpaRepositories declared on JpaRepositoriesRegistrar.EnableJpaRepositoriesConfiguration: Invocation of init method failed; nested exception is org.springframework.data.repository.query.QueryCreationException: Could not create query for public abstract com.eam.model.RolePermission com.eam.repository.RolePermissionRepository.findByPermissionId(java.lang.Long)! Reason: Failed to create query for method public abstract com.eam.model.RolePermission com.eam.repository.RolePermissionRepository.findByPermissionId(java.lang.Long)! No property 'id' found for type 'Permission'! Traversed path: RolePermission.permission.; nested exception is java.lang.IllegalArgumentException: Failed to create query for method public abstract com.eam.model.RolePermission com.eam.repository.RolePermissionRepository.findByPermissionId(java.lang.Long)! No property 'id' found for type 'Permission'! Traversed path: RolePermission.permission.
Caused by: org.springframework.data.repository.query.QueryCreationException: Could not create query for public abstract com.eam.model.RolePermission com.eam.repository.RolePermissionRepository.findByPermissionId(java.lang.Long)! Reason: Failed to create query for method public abstract com.eam.model.RolePermission com.eam.repository.RolePermissionRepository.findByPermissionId(java.lang.Long)! No property 'id' found for type 'Permission'! Traversed path: RolePermission.permission.; nested exception is java.lang.IllegalArgumentException: Failed to create query for method public abstract com.eam.model.RolePermission com.eam.repository.RolePermissionRepository.findByPermissionId(java.lang.Long)! No property 'id' found for type 'Permission'! Traversed path: RolePermission.permission.
Caused by: java.lang.IllegalArgumentException: Failed to create query for method public abstract com.eam.model.RolePermission com.eam.repository.RolePermissionRepository.findByPermissionId(java.lang.Long)! No property 'id' found for type 'Permission'! Traversed path: RolePermission.permission.
Caused by: org.springframework.data.mapping.PropertyReferenceException: No property 'id' found for type 'Permission'! Traversed path: RolePermission.permission.

